# JRE version: OpenJDK Runtime Environment (8.0_112-b06) (build 1.8.0_112-release-b06)
# Java VM: OpenJDK 64-Bit Server VM (25.112-b06 mixed mode windows-amd64 compressed oops)
Heap:
 PSYoungGen      total 1062400K, used 582991K [0x000000076ab00000, 0x00000007b8400000, 0x00000007c0000000)
  eden space 854016K, 52% used [0x000000076ab00000,0x0000000785cae848,0x000000079ed00000)
  from space 208384K, 66% used [0x000000079ed00000,0x00000007a74a5428,0x00000007ab880000)
  to   space 34816K, 0% used [0x00000007adb00000,0x00000007adb00000,0x00000007afd00000)
 ParOldGen       total 722944K, used 423869K [0x00000006c0000000, 0x00000006ec200000, 0x000000076ab00000)
  object space 722944K, 58% used [0x00000006c0000000,0x00000006d9def788,0x00000006ec200000)
 Metaspace       used 6755K, capacity 7384K, committed 7680K, reserved 1056768K
  class space    used 611K, capacity 656K, committed 768K, reserved 1048576K
GC Heap History (10 events):
Event: 3.873 GC heap before
{Heap before GC invocations=9 (full 1):
 PSYoungGen      total 580096K, used 520099K [0x000000076ab00000, 0x00000007b6600000, 0x00000007c0000000)
  eden space 512000K, 100% used [0x000000076ab00000,0x0000000789f00000,0x0000000789f00000)
  from space 68096K, 11% used [0x0000000789f00000,0x000000078a6e8d00,0x000000078e180000)
  to   space 108032K, 0% used [0x00000007afc80000,0x00000007afc80000,0x00000007b6600000)
 ParOldGen       total 344064K, used 174978K [0x00000006c0000000, 0x00000006d5000000, 0x000000076ab00000)
  object space 344064K, 50% used [0x00000006c0000000,0x00000006caae0bc8,0x00000006d5000000)
 Metaspace       used 6672K, capacity 7288K, committed 7552K, reserved 1056768K
  class space    used 606K, capacity 624K, committed 640K, reserved 1048576K
Event: 3.948 GC heap after
Heap after GC invocations=9 (full 1):
 PSYoungGen      total 721920K, used 84247K [0x000000076ab00000, 0x00000007b4f00000, 0x00000007c0000000)
  eden space 637440K, 0% used [0x000000076ab00000,0x000000076ab00000,0x0000000791980000)
  from space 84480K, 99% used [0x00000007afc80000,0x00000007b4ec5ef0,0x00000007b4f00000)
  to   space 118784K, 0% used [0x00000007a6700000,0x00000007a6700000,0x00000007adb00000)
 ParOldGen       total 344064K, used 175586K [0x00000006c0000000, 0x00000006d5000000, 0x000000076ab00000)
  object space 344064K, 51% used [0x00000006c0000000,0x00000006cab78bc8,0x00000006d5000000)
 Metaspace       used 6672K, capacity 7288K, committed 7552K, reserved 1056768K
  class space    used 606K, capacity 624K, committed 640K, reserved 1048576K
}
Event: 4.838 GC heap before
{Heap before GC invocations=10 (full 1):
 PSYoungGen      total 721920K, used 721687K [0x000000076ab00000, 0x00000007b4f00000, 0x00000007c0000000)
  eden space 637440K, 100% used [0x000000076ab00000,0x0000000791980000,0x0000000791980000)
  from space 84480K, 99% used [0x00000007afc80000,0x00000007b4ec5ef0,0x00000007b4f00000)
  to   space 118784K, 0% used [0x00000007a6700000,0x00000007a6700000,0x00000007adb00000)
 ParOldGen       total 344064K, used 175586K [0x00000006c0000000, 0x00000006d5000000, 0x000000076ab00000)
  object space 344064K, 51% used [0x00000006c0000000,0x00000006cab78bc8,0x00000006d5000000)
 Metaspace       used 6689K, capacity 7320K, committed 7680K, reserved 1056768K
  class space    used 608K, capacity 656K, committed 768K, reserved 1048576K
Event: 4.934 GC heap after
Heap after GC invocations=10 (full 1):
 PSYoungGen      total 852992K, used 118772K [0x000000076ab00000, 0x00000007afd00000, 0x00000007c0000000)
  eden space 734208K, 0% used [0x000000076ab00000,0x000000076ab00000,0x0000000797800000)
  from space 118784K, 99% used [0x00000007a6700000,0x00000007adafd348,0x00000007adb00000)
  to   space 34816K, 0% used [0x00000007adb00000,0x00000007adb00000,0x00000007afd00000)
 ParOldGen       total 344064K, used 216874K [0x00000006c0000000, 0x00000006d5000000, 0x000000076ab00000)
  object space 344064K, 63% used [0x00000006c0000000,0x00000006cd3ca820,0x00000006d5000000)
 Metaspace       used 6689K, capacity 7320K, committed 7680K, reserved 1056768K
  class space    used 608K, capacity 656K, committed 768K, reserved 1048576K
}
Event: 5.900 GC heap before
{Heap before GC invocations=11 (full 1):
 PSYoungGen      total 852992K, used 852980K [0x000000076ab00000, 0x00000007afd00000, 0x00000007c0000000)
  eden space 734208K, 100% used [0x000000076ab00000,0x0000000797800000,0x0000000797800000)
  from space 118784K, 99% used [0x00000007a6700000,0x00000007adafd348,0x00000007adb00000)
  to   space 34816K, 0% used [0x00000007adb00000,0x00000007adb00000,0x00000007afd00000)
 ParOldGen       total 344064K, used 216874K [0x00000006c0000000, 0x00000006d5000000, 0x000000076ab00000)
  object space 344064K, 63% used [0x00000006c0000000,0x00000006cd3ca820,0x00000006d5000000)
 Metaspace       used 6732K, capacity 7320K, committed 7680K, reserved 1056768K
  class space    used 610K, capacity 656K, committed 768K, reserved 1048576K
Event: 6.027 GC heap after
Heap after GC invocations=11 (full 1):
 PSYoungGen      total 888832K, used 34798K [0x000000076ab00000, 0x00000007b8400000, 0x00000007c0000000)
  eden space 854016K, 0% used [0x000000076ab00000,0x000000076ab00000,0x000000079ed00000)
  from space 34816K, 99% used [0x00000007adb00000,0x00000007afcfb978,0x00000007afd00000)
  to   space 208384K, 0% used [0x000000079ed00000,0x000000079ed00000,0x00000007ab880000)
 ParOldGen       total 407040K, used 405634K [0x00000006c0000000, 0x00000006d8d80000, 0x000000076ab00000)
  object space 407040K, 99% used [0x00000006c0000000,0x00000006d8c20950,0x00000006d8d80000)
 Metaspace       used 6732K, capacity 7320K, committed 7680K, reserved 1056768K
  class space    used 610K, capacity 656K, committed 768K, reserved 1048576K
}
Event: 6.027 GC heap before
{Heap before GC invocations=12 (full 2):
 PSYoungGen      total 888832K, used 34798K [0x000000076ab00000, 0x00000007b8400000, 0x00000007c0000000)
  eden space 854016K, 0% used [0x000000076ab00000,0x000000076ab00000,0x000000079ed00000)
  from space 34816K, 99% used [0x00000007adb00000,0x00000007afcfb978,0x00000007afd00000)
  to   space 208384K, 0% used [0x000000079ed00000,0x000000079ed00000,0x00000007ab880000)
 ParOldGen       total 407040K, used 405634K [0x00000006c0000000, 0x00000006d8d80000, 0x000000076ab00000)
  object space 407040K, 99% used [0x00000006c0000000,0x00000006d8c20950,0x00000006d8d80000)
 Metaspace       used 6732K, capacity 7320K, committed 7680K, reserved 1056768K
  class space    used 610K, capacity 656K, committed 768K, reserved 1048576K
Event: 6.980 GC heap after
Heap after GC invocations=12 (full 2):
 PSYoungGen      total 888832K, used 23384K [0x000000076ab00000, 0x00000007b8400000, 0x00000007c0000000)
  eden space 854016K, 0% used [0x000000076ab00000,0x000000076ab00000,0x000000079ed00000)
  from space 34816K, 67% used [0x00000007adb00000,0x00000007af1d6298,0x00000007afd00000)
  to   space 208384K, 0% used [0x000000079ed00000,0x000000079ed00000,0x00000007ab880000)
 ParOldGen       total 722944K, used 406806K [0x00000006c0000000, 0x00000006ec200000, 0x000000076ab00000)
  object space 722944K, 56% used [0x00000006c0000000,0x00000006d8d45988,0x00000006ec200000)
 Metaspace       used 6732K, capacity 7320K, committed 7680K, reserved 1056768K
  class space    used 610K, capacity 656K, committed 768K, reserved 1048576K
}
Event: 8.017 GC heap before
{Heap before GC invocations=13 (full 2):
 PSYoungGen      total 888832K, used 877400K [0x000000076ab00000, 0x00000007b8400000, 0x00000007c0000000)
  eden space 854016K, 100% used [0x000000076ab00000,0x000000079ed00000,0x000000079ed00000)
  from space 34816K, 67% used [0x00000007adb00000,0x00000007af1d6298,0x00000007afd00000)
  to   space 208384K, 0% used [0x000000079ed00000,0x000000079ed00000,0x00000007ab880000)
 ParOldGen       total 722944K, used 406806K [0x00000006c0000000, 0x00000006ec200000, 0x000000076ab00000)
  object space 722944K, 56% used [0x00000006c0000000,0x00000006d8d45988,0x00000006ec200000)
 Metaspace       used 6734K, capacity 7320K, committed 7680K, reserved 1056768K
  class space    used 611K, capacity 656K, committed 768K, reserved 1048576K
Event: 8.162 GC heap after
Heap after GC invocations=13 (full 2):
 PSYoungGen      total 1062400K, used 138901K [0x000000076ab00000, 0x00000007b8400000, 0x00000007c0000000)
  eden space 854016K, 0% used [0x000000076ab00000,0x000000076ab00000,0x000000079ed00000)
  from space 208384K, 66% used [0x000000079ed00000,0x00000007a74a5428,0x00000007ab880000)
  to   space 34816K, 0% used [0x00000007adb00000,0x00000007adb00000,0x00000007afd00000)
 ParOldGen       total 722944K, used 423869K [0x00000006c0000000, 0x00000006ec200000, 0x000000076ab00000)
  object space 722944K, 58% used [0x00000006c0000000,0x00000006d9def788,0x00000006ec200000)
 Metaspace       used 6734K, capacity 7320K, committed 7680K, reserved 1056768K
  class space    used 611K, capacity 656K, committed 768K, reserved 1048576K
}

