# JRE version: OpenJDK Runtime Environment (8.0_112-b06) (build 1.8.0_112-release-b06)
# Java VM: OpenJDK 64-Bit Server VM (25.112-b06 mixed mode windows-amd64 compressed oops)
Heap:
 PSYoungGen      total 619520K, used 235418K [0x000000076ab00000, 0x00000007b6500000, 0x00000007c0000000)
  eden space 512000K, 45% used [0x000000076ab00000,0x00000007790e69d8,0x0000000789f00000)
  from space 107520K, 0% used [0x00000007afc00000,0x00000007afc00000,0x00000007b6500000)
  to   space 68096K, 0% used [0x0000000789f00000,0x0000000789f00000,0x000000078e180000)
 ParOldGen       total 175104K, used 174951K [0x00000006c0000000, 0x00000006cab00000, 0x000000076ab00000)
  object space 175104K, 99% used [0x00000006c0000000,0x00000006caad9f78,0x00000006cab00000)
 Metaspace       used 6676K, capacity 7288K, committed 7552K, reserved 1056768K
  class space    used 607K, capacity 624K, committed 640K, reserved 1048576K
GC Heap History (10 events):
Event: 2.749 GC heap before
{Heap before GC invocations=7 (full 0):
 PSYoungGen      total 567808K, used 565780K [0x000000076ab00000, 0x0000000793000000, 0x00000007c0000000)
  eden space 512000K, 100% used [0x000000076ab00000,0x0000000789f00000,0x0000000789f00000)
  from space 55808K, 96% used [0x000000078e180000,0x00000007916052d0,0x0000000791800000)
  to   space 68096K, 0% used [0x0000000789f00000,0x0000000789f00000,0x000000078e180000)
 ParOldGen       total 175104K, used 71589K [0x00000006c0000000, 0x00000006cab00000, 0x000000076ab00000)
  object space 175104K, 40% used [0x00000006c0000000,0x00000006c45e97d0,0x00000006cab00000)
 Metaspace       used 6623K, capacity 7286K, committed 7552K, reserved 1056768K
  class space    used 603K, capacity 622K, committed 640K, reserved 1048576K
Event: 2.840 GC heap after
Heap after GC invocations=7 (full 0):
 PSYoungGen      total 580096K, used 68084K [0x000000076ab00000, 0x00000007b6500000, 0x00000007c0000000)
  eden space 512000K, 0% used [0x000000076ab00000,0x000000076ab00000,0x0000000789f00000)
  from space 68096K, 99% used [0x0000000789f00000,0x000000078e17d188,0x000000078e180000)
  to   space 107520K, 0% used [0x00000007afc00000,0x00000007afc00000,0x00000007b6500000)
 ParOldGen       total 175104K, used 121056K [0x00000006c0000000, 0x00000006cab00000, 0x000000076ab00000)
  object space 175104K, 69% used [0x00000006c0000000,0x00000006c7638200,0x00000006cab00000)
 Metaspace       used 6623K, capacity 7286K, committed 7552K, reserved 1056768K
  class space    used 603K, capacity 622K, committed 640K, reserved 1048576K
}
Event: 3.593 GC heap before
{Heap before GC invocations=8 (full 0):
 PSYoungGen      total 580096K, used 580084K [0x000000076ab00000, 0x00000007b6500000, 0x00000007c0000000)
  eden space 512000K, 100% used [0x000000076ab00000,0x0000000789f00000,0x0000000789f00000)
  from space 68096K, 99% used [0x0000000789f00000,0x000000078e17d188,0x000000078e180000)
  to   space 107520K, 0% used [0x00000007afc00000,0x00000007afc00000,0x00000007b6500000)
 ParOldGen       total 175104K, used 121056K [0x00000006c0000000, 0x00000006cab00000, 0x000000076ab00000)
  object space 175104K, 69% used [0x00000006c0000000,0x00000006c7638200,0x00000006cab00000)
 Metaspace       used 6634K, capacity 7286K, committed 7552K, reserved 1056768K
  class space    used 603K, capacity 622K, committed 640K, reserved 1048576K
Event: 3.711 GC heap after
Heap after GC invocations=8 (full 0):
 PSYoungGen      total 619520K, used 107519K [0x000000076ab00000, 0x00000007b6500000, 0x00000007c0000000)
  eden space 512000K, 0% used [0x000000076ab00000,0x000000076ab00000,0x0000000789f00000)
  from space 107520K, 99% used [0x00000007afc00000,0x00000007b64ffc00,0x00000007b6500000)
  to   space 68096K, 0% used [0x0000000789f00000,0x0000000789f00000,0x000000078e180000)
 ParOldGen       total 175104K, used 158013K [0x00000006c0000000, 0x00000006cab00000, 0x000000076ab00000)
  object space 175104K, 90% used [0x00000006c0000000,0x00000006c9a4f518,0x00000006cab00000)
 Metaspace       used 6634K, capacity 7286K, committed 7552K, reserved 1056768K
  class space    used 603K, capacity 622K, committed 640K, reserved 1048576K
}
Event: 3.711 GC heap before
{Heap before GC invocations=9 (full 1):
 PSYoungGen      total 619520K, used 107519K [0x000000076ab00000, 0x00000007b6500000, 0x00000007c0000000)
  eden space 512000K, 0% used [0x000000076ab00000,0x000000076ab00000,0x0000000789f00000)
  from space 107520K, 99% used [0x00000007afc00000,0x00000007b64ffc00,0x00000007b6500000)
  to   space 68096K, 0% used [0x0000000789f00000,0x0000000789f00000,0x000000078e180000)
 ParOldGen       total 175104K, used 158013K [0x00000006c0000000, 0x00000006cab00000, 0x000000076ab00000)
  object space 175104K, 90% used [0x00000006c0000000,0x00000006c9a4f518,0x00000006cab00000)
 Metaspace       used 6634K, capacity 7286K, committed 7552K, reserved 1056768K
  class space    used 603K, capacity 622K, committed 640K, reserved 1048576K
Event: 4.709 GC heap after
Heap after GC invocations=9 (full 1):
 PSYoungGen      total 619520K, used 80426K [0x000000076ab00000, 0x00000007b6500000, 0x00000007c0000000)
  eden space 512000K, 0% used [0x000000076ab00000,0x000000076ab00000,0x0000000789f00000)
  from space 107520K, 74% used [0x00000007afc00000,0x00000007b4a8a858,0x00000007b6500000)
  to   space 68096K, 0% used [0x0000000789f00000,0x0000000789f00000,0x000000078e180000)
 ParOldGen       total 175104K, used 174913K [0x00000006c0000000, 0x00000006cab00000, 0x000000076ab00000)
  object space 175104K, 99% used [0x00000006c0000000,0x00000006caad0678,0x00000006cab00000)
 Metaspace       used 6634K, capacity 7286K, committed 7552K, reserved 1056768K
  class space    used 603K, capacity 622K, committed 640K, reserved 1048576K
}
Event: 5.572 GC heap before
{Heap before GC invocations=10 (full 2):
 PSYoungGen      total 619520K, used 592426K [0x000000076ab00000, 0x00000007b6500000, 0x00000007c0000000)
  eden space 512000K, 100% used [0x000000076ab00000,0x0000000789f00000,0x0000000789f00000)
  from space 107520K, 74% used [0x00000007afc00000,0x00000007b4a8a858,0x00000007b6500000)
  to   space 68096K, 0% used [0x0000000789f00000,0x0000000789f00000,0x000000078e180000)
 ParOldGen       total 175104K, used 174913K [0x00000006c0000000, 0x00000006cab00000, 0x000000076ab00000)
  object space 175104K, 99% used [0x00000006c0000000,0x00000006caad0678,0x00000006cab00000)
 Metaspace       used 6646K, capacity 7288K, committed 7552K, reserved 1056768K
  class space    used 605K, capacity 624K, committed 640K, reserved 1048576K
Event: 6.520 GC heap after
Heap after GC invocations=10 (full 2):
 PSYoungGen      total 619520K, used 136839K [0x000000076ab00000, 0x00000007b6500000, 0x00000007c0000000)
  eden space 512000K, 26% used [0x000000076ab00000,0x00000007730a1e98,0x0000000789f00000)
  from space 107520K, 0% used [0x00000007afc00000,0x00000007afc00000,0x00000007b6500000)
  to   space 68096K, 0% used [0x0000000789f00000,0x0000000789f00000,0x000000078e180000)
 ParOldGen       total 175104K, used 175049K [0x00000006c0000000, 0x00000006cab00000, 0x000000076ab00000)
  object space 175104K, 99% used [0x00000006c0000000,0x00000006caaf25a0,0x00000006cab00000)
 Metaspace       used 6646K, capacity 7288K, committed 7552K, reserved 1056768K
  class space    used 605K, capacity 624K, committed 640K, reserved 1048576K
}
Event: 7.104 GC heap before
{Heap before GC invocations=11 (full 3):
 PSYoungGen      total 619520K, used 512000K [0x000000076ab00000, 0x00000007b6500000, 0x00000007c0000000)
  eden space 512000K, 100% used [0x000000076ab00000,0x0000000789f00000,0x0000000789f00000)
  from space 107520K, 0% used [0x00000007afc00000,0x00000007afc00000,0x00000007b6500000)
  to   space 68096K, 0% used [0x0000000789f00000,0x0000000789f00000,0x000000078e180000)
 ParOldGen       total 175104K, used 175049K [0x00000006c0000000, 0x00000006cab00000, 0x000000076ab00000)
  object space 175104K, 99% used [0x00000006c0000000,0x00000006caaf25a0,0x00000006cab00000)
 Metaspace       used 6670K, capacity 7288K, committed 7552K, reserved 1056768K
  class space    used 607K, capacity 624K, committed 640K, reserved 1048576K
Event: 8.034 GC heap after
Heap after GC invocations=11 (full 3):
 PSYoungGen      total 619520K, used 186238K [0x000000076ab00000, 0x00000007b6500000, 0x00000007c0000000)
  eden space 512000K, 36% used [0x000000076ab00000,0x00000007760df8e8,0x0000000789f00000)
  from space 107520K, 0% used [0x00000007afc00000,0x00000007afc00000,0x00000007b6500000)
  to   space 68096K, 0% used [0x0000000789f00000,0x0000000789f00000,0x000000078e180000)
 ParOldGen       total 175104K, used 174951K [0x00000006c0000000, 0x00000006cab00000, 0x000000076ab00000)
  object space 175104K, 99% used [0x00000006c0000000,0x00000006caad9f78,0x00000006cab00000)
 Metaspace       used 6670K, capacity 7288K, committed 7552K, reserved 1056768K
  class space    used 607K, capacity 624K, committed 640K, reserved 1048576K
}

