# JRE version: OpenJDK Runtime Environment (8.0_112-b06) (build 1.8.0_112-release-b06)
# Java VM: OpenJDK 64-Bit Server VM (25.112-b06 mixed mode windows-amd64 compressed oops)
Heap:
 PSYoungGen      total 1093120K, used 565240K [0x000000076ab00000, 0x00000007bac00000, 0x00000007c0000000)
  eden space 986624K, 57% used [0x000000076ab00000,0x000000078d2fe140,0x00000007a6e80000)
  from space 106496K, 0% used [0x00000007afb00000,0x00000007afb00000,0x00000007b6300000)
  to   space 143872K, 0% used [0x00000007a6e80000,0x00000007a6e80000,0x00000007afb00000)
 ParOldGen       total 175104K, used 174929K [0x00000006c0000000, 0x00000006cab00000, 0x000000076ab00000)
  object space 175104K, 99% used [0x00000006c0000000,0x00000006caad45a8,0x00000006cab00000)
 Metaspace       used 6740K, capacity 7352K, committed 7552K, reserved 1056768K
  class space    used 608K, capacity 624K, committed 640K, reserved 1048576K
GC Heap History (10 events):
Event: 5.404 GC heap before
{Heap before GC invocations=10 (full 2):
 PSYoungGen      total 1093120K, used 1064636K [0x000000076ab00000, 0x00000007bac00000, 0x00000007c0000000)
  eden space 986624K, 100% used [0x000000076ab00000,0x00000007a6e80000,0x00000007a6e80000)
  from space 106496K, 73% used [0x00000007afb00000,0x00000007b472f190,0x00000007b6300000)
  to   space 143872K, 0% used [0x00000007a6e80000,0x00000007a6e80000,0x00000007afb00000)
 ParOldGen       total 175104K, used 174911K [0x00000006c0000000, 0x00000006cab00000, 0x000000076ab00000)
  object space 175104K, 99% used [0x00000006c0000000,0x00000006caacfe30,0x00000006cab00000)
 Metaspace       used 6683K, capacity 7288K, committed 7552K, reserved 1056768K
  class space    used 607K, capacity 624K, committed 640K, reserved 1048576K
Event: 6.176 GC heap after
Heap after GC invocations=10 (full 2):
 PSYoungGen      total 1093120K, used 197825K [0x000000076ab00000, 0x00000007bac00000, 0x00000007c0000000)
  eden space 986624K, 20% used [0x000000076ab00000,0x0000000776c30598,0x00000007a6e80000)
  from space 106496K, 0% used [0x00000007afb00000,0x00000007afb00000,0x00000007b6300000)
  to   space 143872K, 0% used [0x00000007a6e80000,0x00000007a6e80000,0x00000007afb00000)
 ParOldGen       total 175104K, used 175072K [0x00000006c0000000, 0x00000006cab00000, 0x000000076ab00000)
  object space 175104K, 99% used [0x00000006c0000000,0x00000006caaf82e8,0x00000006cab00000)
 Metaspace       used 6683K, capacity 7288K, committed 7552K, reserved 1056768K
  class space    used 607K, capacity 624K, committed 640K, reserved 1048576K
}
Event: 7.248 GC heap before
{Heap before GC invocations=11 (full 3):
 PSYoungGen      total 1093120K, used 986624K [0x000000076ab00000, 0x00000007bac00000, 0x00000007c0000000)
  eden space 986624K, 100% used [0x000000076ab00000,0x00000007a6e80000,0x00000007a6e80000)
  from space 106496K, 0% used [0x00000007afb00000,0x00000007afb00000,0x00000007b6300000)
  to   space 143872K, 0% used [0x00000007a6e80000,0x00000007a6e80000,0x00000007afb00000)
 ParOldGen       total 175104K, used 175072K [0x00000006c0000000, 0x00000006cab00000, 0x000000076ab00000)
  object space 175104K, 99% used [0x00000006c0000000,0x00000006caaf82e8,0x00000006cab00000)
 Metaspace       used 6701K, capacity 7288K, committed 7552K, reserved 1056768K
  class space    used 608K, capacity 624K, committed 640K, reserved 1048576K
Event: 8.264 GC heap after
Heap after GC invocations=11 (full 3):
 PSYoungGen      total 1093120K, used 314130K [0x000000076ab00000, 0x00000007bac00000, 0x00000007c0000000)
  eden space 986624K, 31% used [0x000000076ab00000,0x000000077ddc4908,0x00000007a6e80000)
  from space 106496K, 0% used [0x00000007afb00000,0x00000007afb00000,0x00000007b6300000)
  to   space 143872K, 0% used [0x00000007a6e80000,0x00000007a6e80000,0x00000007afb00000)
 ParOldGen       total 175104K, used 174951K [0x00000006c0000000, 0x00000006cab00000, 0x000000076ab00000)
  object space 175104K, 99% used [0x00000006c0000000,0x00000006caad9f40,0x00000006cab00000)
 Metaspace       used 6701K, capacity 7288K, committed 7552K, reserved 1056768K
  class space    used 608K, capacity 624K, committed 640K, reserved 1048576K
}
Event: 9.074 GC heap before
{Heap before GC invocations=12 (full 4):
 PSYoungGen      total 1093120K, used 986624K [0x000000076ab00000, 0x00000007bac00000, 0x00000007c0000000)
  eden space 986624K, 100% used [0x000000076ab00000,0x00000007a6e80000,0x00000007a6e80000)
  from space 106496K, 0% used [0x00000007afb00000,0x00000007afb00000,0x00000007b6300000)
  to   space 143872K, 0% used [0x00000007a6e80000,0x00000007a6e80000,0x00000007afb00000)
 ParOldGen       total 175104K, used 174951K [0x00000006c0000000, 0x00000006cab00000, 0x000000076ab00000)
  object space 175104K, 99% used [0x00000006c0000000,0x00000006caad9f40,0x00000006cab00000)
 Metaspace       used 6719K, capacity 7352K, committed 7552K, reserved 1056768K
  class space    used 608K, capacity 624K, committed 640K, reserved 1048576K
Event: 10.737 GC heap after
Heap after GC invocations=12 (full 4):
 PSYoungGen      total 1093120K, used 409061K [0x000000076ab00000, 0x00000007bac00000, 0x00000007c0000000)
  eden space 986624K, 41% used [0x000000076ab00000,0x0000000783a795b8,0x00000007a6e80000)
  from space 106496K, 0% used [0x00000007afb00000,0x00000007afb00000,0x00000007b6300000)
  to   space 143872K, 0% used [0x00000007a6e80000,0x00000007a6e80000,0x00000007afb00000)
 ParOldGen       total 175104K, used 174941K [0x00000006c0000000, 0x00000006cab00000, 0x000000076ab00000)
  object space 175104K, 99% used [0x00000006c0000000,0x00000006caad7660,0x00000006cab00000)
 Metaspace       used 6719K, capacity 7352K, committed 7552K, reserved 1056768K
  class space    used 608K, capacity 624K, committed 640K, reserved 1048576K
}
Event: 11.457 GC heap before
{Heap before GC invocations=13 (full 5):
 PSYoungGen      total 1093120K, used 986624K [0x000000076ab00000, 0x00000007bac00000, 0x00000007c0000000)
  eden space 986624K, 100% used [0x000000076ab00000,0x00000007a6e80000,0x00000007a6e80000)
  from space 106496K, 0% used [0x00000007afb00000,0x00000007afb00000,0x00000007b6300000)
  to   space 143872K, 0% used [0x00000007a6e80000,0x00000007a6e80000,0x00000007afb00000)
 ParOldGen       total 175104K, used 174941K [0x00000006c0000000, 0x00000006cab00000, 0x000000076ab00000)
  object space 175104K, 99% used [0x00000006c0000000,0x00000006caad7660,0x00000006cab00000)
 Metaspace       used 6728K, capacity 7352K, committed 7552K, reserved 1056768K
  class space    used 608K, capacity 624K, committed 640K, reserved 1048576K
Event: 12.923 GC heap after
Heap after GC invocations=13 (full 5):
 PSYoungGen      total 1093120K, used 483726K [0x000000076ab00000, 0x00000007bac00000, 0x00000007c0000000)
  eden space 986624K, 49% used [0x000000076ab00000,0x0000000788363aa0,0x00000007a6e80000)
  from space 106496K, 0% used [0x00000007afb00000,0x00000007afb00000,0x00000007b6300000)
  to   space 143872K, 0% used [0x00000007a6e80000,0x00000007a6e80000,0x00000007afb00000)
 ParOldGen       total 175104K, used 174932K [0x00000006c0000000, 0x00000006cab00000, 0x000000076ab00000)
  object space 175104K, 99% used [0x00000006c0000000,0x00000006caad5058,0x00000006cab00000)
 Metaspace       used 6728K, capacity 7352K, committed 7552K, reserved 1056768K
  class space    used 608K, capacity 624K, committed 640K, reserved 1048576K
}
Event: 13.586 GC heap before
{Heap before GC invocations=14 (full 6):
 PSYoungGen      total 1093120K, used 986624K [0x000000076ab00000, 0x00000007bac00000, 0x00000007c0000000)
  eden space 986624K, 100% used [0x000000076ab00000,0x00000007a6e80000,0x00000007a6e80000)
  from space 106496K, 0% used [0x00000007afb00000,0x00000007afb00000,0x00000007b6300000)
  to   space 143872K, 0% used [0x00000007a6e80000,0x00000007a6e80000,0x00000007afb00000)
 ParOldGen       total 175104K, used 174932K [0x00000006c0000000, 0x00000006cab00000, 0x000000076ab00000)
  object space 175104K, 99% used [0x00000006c0000000,0x00000006caad5058,0x00000006cab00000)
 Metaspace       used 6740K, capacity 7352K, committed 7552K, reserved 1056768K
  class space    used 608K, capacity 624K, committed 640K, reserved 1048576K
Event: 15.750 GC heap after
Heap after GC invocations=14 (full 6):
 PSYoungGen      total 1093120K, used 551947K [0x000000076ab00000, 0x00000007bac00000, 0x00000007c0000000)
  eden space 986624K, 55% used [0x000000076ab00000,0x000000078c602de8,0x00000007a6e80000)
  from space 106496K, 0% used [0x00000007afb00000,0x00000007afb00000,0x00000007b6300000)
  to   space 143872K, 0% used [0x00000007a6e80000,0x00000007a6e80000,0x00000007afb00000)
 ParOldGen       total 175104K, used 174929K [0x00000006c0000000, 0x00000006cab00000, 0x000000076ab00000)
  object space 175104K, 99% used [0x00000006c0000000,0x00000006caad45a8,0x00000006cab00000)
 Metaspace       used 6740K, capacity 7352K, committed 7552K, reserved 1056768K
  class space    used 608K, capacity 624K, committed 640K, reserved 1048576K
}

